{"C:\\Users\\Admin\\Documents\\Simplilearn\\Mocha\\mocha-calc-demo\\calculator.js":{"path":"C:\\Users\\Admin\\Documents\\Simplilearn\\Mocha\\mocha-calc-demo\\calculator.js","statementMap":{"0":{"start":{"line":4,"column":8},"end":{"line":4,"column":19}},"1":{"start":{"line":8,"column":8},"end":{"line":8,"column":19}},"2":{"start":{"line":12,"column":8},"end":{"line":12,"column":19}},"3":{"start":{"line":16,"column":8},"end":{"line":18,"column":9}},"4":{"start":{"line":17,"column":12},"end":{"line":17,"column":53}},"5":{"start":{"line":19,"column":8},"end":{"line":19,"column":19}},"6":{"start":{"line":23,"column":0},"end":{"line":23,"column":27}}},"fnMap":{"0":{"name":"(anonymous_0)","decl":{"start":{"line":3,"column":4},"end":{"line":3,"column":5}},"loc":{"start":{"line":3,"column":13},"end":{"line":5,"column":5}},"line":3},"1":{"name":"(anonymous_1)","decl":{"start":{"line":7,"column":4},"end":{"line":7,"column":5}},"loc":{"start":{"line":7,"column":18},"end":{"line":9,"column":5}},"line":7},"2":{"name":"(anonymous_2)","decl":{"start":{"line":11,"column":4},"end":{"line":11,"column":5}},"loc":{"start":{"line":11,"column":18},"end":{"line":13,"column":5}},"line":11},"3":{"name":"(anonymous_3)","decl":{"start":{"line":15,"column":4},"end":{"line":15,"column":5}},"loc":{"start":{"line":15,"column":16},"end":{"line":20,"column":5}},"line":15}},"branchMap":{"0":{"loc":{"start":{"line":16,"column":8},"end":{"line":18,"column":9}},"type":"if","locations":[{"start":{"line":16,"column":8},"end":{"line":18,"column":9}},{"start":{},"end":{}}],"line":16}},"s":{"0":2,"1":2,"2":2,"3":0,"4":0,"5":0,"6":1},"f":{"0":2,"1":2,"2":2,"3":0},"b":{"0":[0,0]},"_coverageSchema":"1a1c01bbd47fc00a2c39e90264f33305004495a9","hash":"619182e17c739ebc3eecf4d8b2ebd6452052b721","contentHash":"1d01f61193ea9b42ba99f592c02d35f7a9fe72b9d8e15e4318012d8f78d20f88"}}